<?xml version="1.0" encoding="UTF-8"?>
<!-- Generated by org.testng.reporters.JUnitReportReporter -->
<testsuite skipped="0" hostname="Macbooks-MacBook-Pro.local" name="stepDefinition.yamlTestRunner" tests="1" failures="1" timestamp="16 Sep 2021 13:27:17 GMT" time="92.616" errors="0">
  <testcase name="runScenario" time="92.616" classname="stepDefinition.yamlTestRunner">
    <failure type="java.lang.AssertionError" message="Check Receipt number not genrated expected [false] but found [true]">
      <![CDATA[java.lang.AssertionError: Check Receipt number not genrated expected [false] but found [true]
at org.testng.Assert.fail(Assert.java:96)
at org.testng.Assert.failNotEquals(Assert.java:776)
at org.testng.Assert.assertEqualsImpl(Assert.java:137)
at org.testng.Assert.assertEquals(Assert.java:118)
at org.testng.Assert.assertEquals(Assert.java:568)
at utilities.NavigateMethods.assertbyboolean(NavigateMethods.java:948)
at stepDefinition.FSM_Test_Runner.checkRecepitNumber(FSM_Test_Runner.java:988)
at ✽.Check Receipt number(file:src/test/java/features/FSM/FSM5%20Creating%20Complaints%20through%20Citizen%20Login.feature:100)
]]>
    </failure>
  </testcase> <!-- runScenario -->
</testsuite> <!-- stepDefinition.yamlTestRunner -->
